<?xml version="1.0" encoding="UTF-8"?>
<!-- Generated by org.testng.reporters.JUnitReportReporter -->
<testsuite hostname="DESKTOP-T4JK67Q" failures="0" tests="3" name="dfm.AddUserModelerUI01Test" time="33.334" errors="0" timestamp="2023-02-17T18:13:09 IST" skipped="0">
  <testcase classname="dfm.AddUserModelerUI01Test" name="loginAction" time="12.460"/>
  <system-out>
    <![CDATA[Test Case for Add User & Validate]]>
  </system-out>
  <testcase classname="dfm.AddUserModelerUI01Test" name="addUser" time="9.635"/>
  <system-out/>
  <testcase classname="dfm.AddUserModelerUI01Test" name="validateAddedUser" time="11.239"/>
  <system-out/>
</testsuite> <!-- dfm.AddUserModelerUI01Test -->
