<?xml version="1.0" encoding="UTF-8"?>
<!-- Generated by org.testng.reporters.JUnitReportReporter -->
<testsuite hostname="DESKTOP-T4JK67Q" failures="0" tests="1" name="dfm.AddTagTest" time="33.603" errors="0" timestamp="2022-12-20T12:17:45 IST" skipped="0">
  <testcase classname="dfm.AddTagTest" name="addTag" time="33.603"/>
  <system-out/>
</testsuite> <!-- dfm.AddTagTest -->
