<?xml version="1.0" encoding="UTF-8"?>
<!-- Generated by org.testng.reporters.JUnitReportReporter -->
<testsuite hostname="DESKTOP-T4JK67Q" failures="0" tests="2" name="dfm.AddCustomer" time="64.625" errors="0" timestamp="2023-02-17T18:13:09 IST" skipped="0">
  <testcase classname="dfm.AddCustomer" name="AddCustomerModeler" time="49.996"/>
  <system-out>
    <![CDATA[Test Case for Add Customer]]>
  </system-out>
  <testcase classname="dfm.AddCustomer" name="validateCustomer" time="14.629"/>
  <system-out/>
</testsuite> <!-- dfm.AddCustomer -->
