<?xml version="1.0" encoding="UTF-8"?>
<!-- Generated by org.testng.reporters.JUnitReportReporter -->
<testsuite hostname="DESKTOP-T4JK67Q" failures="0" tests="3" name="dfm.DeleteDiagram" time="44.583" errors="0" timestamp="2023-02-28T17:04:27 IST" skipped="0">
  <testcase classname="dfm.DeleteDiagram" name="loginToApplication" time="15.372"/>
  <system-out/>
  <testcase classname="dfm.DeleteDiagram" name="deleteDiagram" time="18.985"/>
  <system-out/>
  <testcase classname="dfm.DeleteDiagram" name="validateDiagram" time="10.226"/>
  <system-out/>
</testsuite> <!-- dfm.DeleteDiagram -->
