<?xml version="1.0" encoding="UTF-8"?>
<!-- Generated by org.testng.reporters.JUnitReportReporter -->
<testsuite hostname="DESKTOP-T4JK67Q" failures="0" tests="2" name="dfm.AddProjectTest" time="32.504" errors="0" timestamp="2023-02-28T17:04:27 IST" skipped="0">
  <testcase classname="dfm.AddProjectTest" name="addProject" time="32.302"/>
  <system-out/>
  <testcase classname="dfm.AddProjectTest" name="validateProject" time="0.202"/>
  <system-out/>
</testsuite> <!-- dfm.AddProjectTest -->
