<?xml version="1.0" encoding="UTF-8"?>
<!-- Generated by org.testng.reporters.JUnitReportReporter -->
<testsuite hostname="DESKTOP-T4JK67Q" failures="0" tests="3" name="dfm.AddTagTest" time="42.249" errors="0" timestamp="2023-02-27T17:47:15 IST" skipped="0">
  <testcase classname="dfm.AddTagTest" name="loginToApplication" time="22.410"/>
  <system-out/>
  <testcase classname="dfm.AddTagTest" name="addTag" time="17.421"/>
  <system-out/>
  <testcase classname="dfm.AddTagTest" name="validateTag" time="2.418"/>
  <system-out/>
</testsuite> <!-- dfm.AddTagTest -->
