<?xml version="1.0" encoding="UTF-8"?>
<!-- Generated by org.testng.reporters.JUnitReportReporter -->
<testsuite hostname="DESKTOP-T4JK67Q" failures="0" tests="2" name="dfm.DeleteCustomer" time="31.772" errors="0" timestamp="2023-02-27T17:47:15 IST" skipped="0">
  <testcase classname="dfm.DeleteCustomer" name="logInToApplication" time="15.265"/>
  <system-out/>
  <testcase classname="dfm.DeleteCustomer" name="deleteCustomer" time="16.507"/>
  <system-out>
    <![CDATA[Test Case to Delete Customer]]>
  </system-out>
</testsuite> <!-- dfm.DeleteCustomer -->
