<?xml version="1.0" encoding="UTF-8"?>
<!-- Generated by org.testng.reporters.JUnitReportReporter -->
<testsuite hostname="DESKTOP-T4JK67Q" failures="0" tests="6" name="dfm.LoginAdmin_01" time="30.121" errors="0" timestamp="2022-12-22T18:05:16 IST" skipped="0">
  <testcase classname="dfm.LoginAdmin_01" name="LoginToAdminAccount" time="7.132"/>
  <system-out>
    <![CDATA[Test Case for Login]]>
  </system-out>
  <testcase classname="dfm.LoginAdmin_01" name="LoginToAdminAccount" time="6.427"/>
  <system-out>
    <![CDATA[Test Case for Login]]>
  </system-out>
  <testcase classname="dfm.LoginAdmin_01" name="LoginToAdminAccount" time="6.676"/>
  <system-out>
    <![CDATA[Test Case for Login]]>
  </system-out>
  <testcase classname="dfm.LoginAdmin_01" name="logOut" time="4.048"/>
  <system-out>
    <![CDATA[Test Case for Logout]]>
  </system-out>
  <testcase classname="dfm.LoginAdmin_01" name="logOut" time="2.100"/>
  <system-out>
    <![CDATA[Test Case for Logout]]>
  </system-out>
  <testcase classname="dfm.LoginAdmin_01" name="logOut" time="3.738"/>
  <system-out>
    <![CDATA[Test Case for Logout]]>
  </system-out>
</testsuite> <!-- dfm.LoginAdmin_01 -->
