<?xml version="1.0" encoding="UTF-8"?>
<!-- Generated by org.testng.reporters.JUnitReportReporter -->
<testsuite hostname="DESKTOP-T4JK67Q" failures="0" tests="3" name="dfm.InputDataTest" time="99.766" errors="0" timestamp="2023-01-03T19:13:51 IST" skipped="0">
  <testcase classname="dfm.InputDataTest" name="enterInputData" time="79.935"/>
  <system-out/>
  <testcase classname="dfm.InputDataTest" name="verifyInputData" time="14.096"/>
  <system-out/>
  <testcase classname="dfm.InputDataTest" name="validateInputData" time="5.735"/>
  <system-out/>
</testsuite> <!-- dfm.InputDataTest -->
