<?xml version="1.0" encoding="UTF-8"?>
<!-- Generated by org.testng.reporters.JUnitReportReporter -->
<testsuite hostname="DESKTOP-T4JK67Q" failures="0" tests="3" name="dfm.MultiUserUpdateTag02" time="73.609" errors="0" timestamp="2023-01-27T18:12:52 IST" skipped="0">
  <testcase classname="dfm.MultiUserUpdateTag02" name="loginToApplication" time="35.172"/>
  <system-out>
    <![CDATA[Test Case for Add Tag]]>
  </system-out>
  <testcase classname="dfm.MultiUserUpdateTag02" name="addTag" time="13.878"/>
  <system-out/>
  <testcase classname="dfm.MultiUserUpdateTag02" name="validateTag" time="24.559"/>
  <system-out/>
</testsuite> <!-- dfm.MultiUserUpdateTag02 -->
