<?xml version="1.0" encoding="UTF-8"?>
<!-- Generated by org.testng.reporters.JUnitReportReporter -->
<testsuite hostname="DESKTOP-T4JK67Q" failures="0" tests="3" name="dfm.CreateBranch" time="46.138" errors="0" timestamp="2023-02-28T17:04:27 IST" skipped="0">
  <testcase classname="dfm.CreateBranch" name="loginAction" time="12.192"/>
  <system-out/>
  <testcase classname="dfm.CreateBranch" name="createBranch" time="24.176"/>
  <system-out/>
  <testcase classname="dfm.CreateBranch" name="validateBranch" time="9.770"/>
  <system-out/>
</testsuite> <!-- dfm.CreateBranch -->
