<?xml version="1.0" encoding="UTF-8"?>
<!-- Generated by org.testng.reporters.JUnitReportReporter -->
<testsuite hostname="DESKTOP-T4JK67Q" failures="0" tests="3" name="dfm.InputDataTest" time="95.353" errors="0" timestamp="2023-01-04T16:08:15 IST" skipped="0">
  <testcase classname="dfm.InputDataTest" name="enterInputData" time="75.050"/>
  <system-out/>
  <testcase classname="dfm.InputDataTest" name="verifyInputData" time="13.749"/>
  <system-out/>
  <testcase classname="dfm.InputDataTest" name="validateInputData" time="6.554"/>
  <system-out/>
</testsuite> <!-- dfm.InputDataTest -->
