<?xml version="1.0" encoding="UTF-8"?>
<!-- Generated by org.testng.reporters.JUnitReportReporter -->
<testsuite hostname="DESKTOP-T4JK67Q" failures="0" tests="3" name="dfm.AddTagTest" time="37.166" errors="0" timestamp="2022-12-26T13:09:17 IST" skipped="0">
  <testcase classname="dfm.AddTagTest" name="loginToApplication" time="19.885"/>
  <system-out>
    <![CDATA[Test Case for Add Tag]]>
  </system-out>
  <testcase classname="dfm.AddTagTest" name="addTag" time="14.971"/>
  <system-out/>
  <testcase classname="dfm.AddTagTest" name="validateTag" time="2.310"/>
  <system-out/>
</testsuite> <!-- dfm.AddTagTest -->
