<?xml version="1.0" encoding="UTF-8"?>
<!-- Generated by org.testng.reporters.JUnitReportReporter -->
<testsuite hostname="DESKTOP-T4JK67Q" failures="0" tests="3" name="dfm.MultiUser04" time="37.310" errors="0" timestamp="2023-02-06T10:57:28 IST" skipped="0">
  <testcase classname="dfm.MultiUser04" name="loginAction4" time="20.648"/>
  <system-out/>
  <testcase classname="dfm.MultiUser04" name="navigateToDiagram4" time="10.912"/>
  <system-out/>
  <testcase classname="dfm.MultiUser04" name="createDiagram4" time="5.750"/>
  <system-out/>
</testsuite> <!-- dfm.MultiUser04 -->
