<?xml version="1.0" encoding="UTF-8"?>
<!-- Generated by org.testng.reporters.JUnitReportReporter -->
<testsuite hostname="DESKTOP-T4JK67Q" failures="0" tests="1" name="dfm.AddProjectTagAndDiagram" time="117.786" errors="0" timestamp="2023-02-17T11:49:11 IST" skipped="0">
  <testcase classname="dfm.AddProjectTagAndDiagram" name="addProject" time="117.786"/>
  <system-out/>
</testsuite> <!-- dfm.AddProjectTagAndDiagram -->
