<?xml version="1.0" encoding="UTF-8"?>
<!-- Generated by org.testng.reporters.JUnitReportReporter -->
<testsuite hostname="DESKTOP-T4JK67Q" failures="0" tests="3" name="dfm.DeleteDiagram" time="54.756" errors="0" timestamp="2023-02-27T17:47:15 IST" skipped="0">
  <testcase classname="dfm.DeleteDiagram" name="loginToApplication" time="17.832"/>
  <system-out/>
  <testcase classname="dfm.DeleteDiagram" name="deleteDiagram" time="19.466"/>
  <system-out/>
  <testcase classname="dfm.DeleteDiagram" name="validateDiagram" time="17.458"/>
  <system-out/>
</testsuite> <!-- dfm.DeleteDiagram -->
