<?xml version="1.0" encoding="UTF-8"?>
<!-- Generated by org.testng.reporters.JUnitReportReporter -->
<testsuite hostname="DESKTOP-T4JK67Q" failures="0" tests="3" name="dfm.MultiUserDeleteTag02" time="58.385" errors="0" timestamp="2023-02-02T17:04:33 IST" skipped="0">
  <testcase classname="dfm.MultiUserDeleteTag02" name="loginToApplication" time="13.381"/>
  <system-out>
    <![CDATA[Test Case for Add Tag]]>
  </system-out>
  <testcase classname="dfm.MultiUserDeleteTag02" name="addTag" time="12.898"/>
  <system-out/>
  <testcase classname="dfm.MultiUserDeleteTag02" name="validateTag" time="32.106"/>
  <system-out/>
</testsuite> <!-- dfm.MultiUserDeleteTag02 -->
