<?xml version="1.0" encoding="UTF-8"?>
<!-- Generated by org.testng.reporters.JUnitReportReporter -->
<testsuite hostname="DESKTOP-T4JK67Q" failures="0" tests="1" name="dfm.AddProjectTest" time="36.913" errors="0" timestamp="2023-01-20T13:00:50 IST" skipped="0">
  <testcase classname="dfm.AddProjectTest" name="addProject" time="36.913"/>
  <system-out/>
</testsuite> <!-- dfm.AddProjectTest -->
