<?xml version="1.0" encoding="UTF-8"?>
<!-- Generated by org.testng.reporters.JUnitReportReporter -->
<testsuite hostname="DESKTOP-T4JK67Q" failures="0" tests="2" name="dfm.AddCustomer" time="0.000" errors="0" timestamp="2022-12-21T16:20:57 IST" skipped="2">
  <testcase classname="dfm.AddCustomer" name="AddCustomerModeler" time="0.000">
    <skipped/>
  </testcase> <!-- AddCustomerModeler -->
  <system-out/>
  <testcase classname="dfm.AddCustomer" name="validateCustomer" time="0.000">
    <skipped/>
  </testcase> <!-- validateCustomer -->
  <system-out/>
</testsuite> <!-- dfm.AddCustomer -->
