<?xml version="1.0" encoding="UTF-8"?>
<!-- Generated by org.testng.reporters.JUnitReportReporter -->
<testsuite hostname="DESKTOP-T4JK67Q" failures="0" tests="3" name="dfm.DeleteUserModelerUI" time="45.870" errors="0" timestamp="2023-02-28T17:04:27 IST" skipped="0">
  <testcase classname="dfm.DeleteUserModelerUI" name="loginAction" time="17.620"/>
  <system-out/>
  <testcase classname="dfm.DeleteUserModelerUI" name="navigateUserSection" time="7.257"/>
  <system-out/>
  <testcase classname="dfm.DeleteUserModelerUI" name="deleteUserAndValidate" time="20.993"/>
  <system-out/>
</testsuite> <!-- dfm.DeleteUserModelerUI -->
