<?xml version="1.0" encoding="UTF-8"?>
<!-- Generated by org.testng.reporters.JUnitReportReporter -->
<testsuite hostname="DESKTOP-T4JK67Q" failures="0" tests="3" name="dfm.MultiUserDeleteTag02" time="85.403" errors="0" timestamp="2023-01-27T18:16:38 IST" skipped="0">
  <testcase classname="dfm.MultiUserDeleteTag02" name="loginToApplication" time="16.532"/>
  <system-out>
    <![CDATA[Test Case for Add Tag]]>
  </system-out>
  <testcase classname="dfm.MultiUserDeleteTag02" name="addTag" time="14.189"/>
  <system-out/>
  <testcase classname="dfm.MultiUserDeleteTag02" name="validateTag" time="54.682"/>
  <system-out/>
</testsuite> <!-- dfm.MultiUserDeleteTag02 -->
