<?xml version="1.0" encoding="UTF-8"?>
<!-- Generated by org.testng.reporters.JUnitReportReporter -->
<testsuite hostname="DESKTOP-T4JK67Q" failures="0" tests="3" name="dfm.DeleteTag" time="61.204" errors="0" timestamp="2023-02-27T17:47:15 IST" skipped="0">
  <testcase classname="dfm.DeleteTag" name="loginToApplication" time="32.909"/>
  <system-out/>
  <testcase classname="dfm.DeleteTag" name="deleteTag" time="2.498"/>
  <system-out/>
  <testcase classname="dfm.DeleteTag" name="validateDeleteTag" time="25.797"/>
  <system-out/>
</testsuite> <!-- dfm.DeleteTag -->
