<?xml version="1.0" encoding="UTF-8"?>
<!-- Generated by org.testng.reporters.JUnitReportReporter -->
<testsuite hostname="DESKTOP-T4JK67Q" failures="0" tests="3" name="dfm.ImplementationComponentSearch" time="39.562" errors="0" timestamp="2023-01-18T15:27:15 IST" skipped="0">
  <testcase classname="dfm.ImplementationComponentSearch" name="loginToApplication" time="23.225"/>
  <system-out/>
  <testcase classname="dfm.ImplementationComponentSearch" name="printListOfElements" time="7.869"/>
  <system-out/>
  <testcase classname="dfm.ImplementationComponentSearch" name="printListOfInputElements" time="8.468"/>
  <system-out/>
</testsuite> <!-- dfm.ImplementationComponentSearch -->
