<?xml version="1.0" encoding="UTF-8"?>
<!-- Generated by org.testng.reporters.JUnitReportReporter -->
<testsuite hostname="DESKTOP-T4JK67Q" failures="0" tests="2" name="dfm.MultiUserWithTag02" time="27.538" errors="0" timestamp="2023-01-24T17:31:54 IST" skipped="0">
  <testcase classname="dfm.MultiUserWithTag02" name="loginToApplication" time="15.827"/>
  <system-out>
    <![CDATA[Test Case for Add Tag]]>
  </system-out>
  <testcase classname="dfm.MultiUserWithTag02" name="addTag" time="11.711"/>
  <system-out/>
</testsuite> <!-- dfm.MultiUserWithTag02 -->
