<?xml version="1.0" encoding="UTF-8"?>
<!-- Generated by org.testng.reporters.JUnitReportReporter -->
<testsuite hostname="DESKTOP-T4JK67Q" failures="0" tests="3" name="dfm.MultiUserWithTag02" time="53.807" errors="0" timestamp="2023-01-27T17:28:32 IST" skipped="0">
  <testcase classname="dfm.MultiUserWithTag02" name="loginToApplication" time="14.862"/>
  <system-out>
    <![CDATA[Test Case for Add Tag]]>
  </system-out>
  <testcase classname="dfm.MultiUserWithTag02" name="addTag" time="14.181"/>
  <system-out/>
  <testcase classname="dfm.MultiUserWithTag02" name="validateTag" time="24.764"/>
  <system-out/>
</testsuite> <!-- dfm.MultiUserWithTag02 -->
