<?xml version="1.0" encoding="UTF-8"?>
<!-- Generated by org.testng.reporters.JUnitReportReporter -->
<testsuite hostname="DESKTOP-T4JK67Q" failures="0" tests="2" name="dfm.AddDiagram" time="121.719" errors="0" timestamp="2023-02-27T17:47:15 IST" skipped="0">
  <testcase classname="dfm.AddDiagram" name="addProject" time="30.793"/>
  <system-out/>
  <testcase classname="dfm.AddDiagram" name="addDiagramAndValidate" time="90.926"/>
  <system-out/>
</testsuite> <!-- dfm.AddDiagram -->
