<?xml version="1.0" encoding="UTF-8"?>
<!-- Generated by org.testng.reporters.JUnitReportReporter -->
<testsuite hostname="DESKTOP-T4JK67Q" failures="0" tests="2" name="dfm.AddCustomer" time="58.278" errors="0" timestamp="2022-12-20T18:55:45 IST" skipped="0">
  <testcase classname="dfm.AddCustomer" name="AddCustomerModeler" time="44.961"/>
  <system-out>
    <![CDATA[Test Case for Add Customer]]>
  </system-out>
  <testcase classname="dfm.AddCustomer" name="validateCustomer" time="13.317"/>
  <system-out/>
</testsuite> <!-- dfm.AddCustomer -->
