<?xml version="1.0" encoding="UTF-8"?>
<!-- Generated by org.testng.reporters.JUnitReportReporter -->
<testsuite hostname="DESKTOP-T4JK67Q" failures="0" tests="3" name="dfm.MultiUser05" time="59.586" errors="0" timestamp="2023-01-31T18:39:05 IST" skipped="0">
  <testcase classname="dfm.MultiUser05" name="loginAction" time="13.956"/>
  <system-out/>
  <testcase classname="dfm.MultiUser05" name="navigateToDiagram" time="21.771"/>
  <system-out/>
  <testcase classname="dfm.MultiUser05" name="validateDiagram" time="23.859"/>
  <system-out/>
</testsuite> <!-- dfm.MultiUser05 -->
