<?xml version="1.0" encoding="UTF-8"?>
<!-- Generated by org.testng.reporters.JUnitReportReporter -->
<testsuite hostname="DESKTOP-T4JK67Q" failures="0" tests="2" name="dfm.CreateBanchTest" time="40.546" errors="0" timestamp="2023-02-14T15:37:58 IST" skipped="0">
  <testcase classname="dfm.CreateBanchTest" name="loginAction" time="19.924"/>
  <system-out/>
  <testcase classname="dfm.CreateBanchTest" name="loginAction1" time="20.622"/>
  <system-out/>
</testsuite> <!-- dfm.CreateBanchTest -->
