<?xml version="1.0" encoding="UTF-8"?>
<!-- Generated by org.testng.reporters.JUnitReportReporter -->
<testsuite hostname="DESKTOP-T4JK67Q" failures="0" tests="3" name="dfm.AddTagTest" time="39.852" errors="0" timestamp="2023-01-20T16:19:46 IST" skipped="0">
  <testcase classname="dfm.AddTagTest" name="loginToApplication" time="20.441"/>
  <system-out>
    <![CDATA[Test Case for Add Tag]]>
  </system-out>
  <testcase classname="dfm.AddTagTest" name="addTag" time="16.827"/>
  <system-out/>
  <testcase classname="dfm.AddTagTest" name="validateTag" time="2.584"/>
  <system-out/>
</testsuite> <!-- dfm.AddTagTest -->
