<?xml version="1.0" encoding="UTF-8"?>
<!-- Generated by org.testng.reporters.JUnitReportReporter -->
<testsuite hostname="DESKTOP-T4JK67Q" failures="0" tests="3" name="dfm.DeleteTag" time="38.992" errors="0" timestamp="2022-12-20T15:30:26 IST" skipped="0">
  <testcase classname="dfm.DeleteTag" name="loginToApplication" time="27.252"/>
  <system-out/>
  <testcase classname="dfm.DeleteTag" name="deleteTag" time="2.874"/>
  <system-out/>
  <testcase classname="dfm.DeleteTag" name="validateDeleteTag" time="8.866"/>
  <system-out/>
</testsuite> <!-- dfm.DeleteTag -->
