<?xml version="1.0" encoding="UTF-8"?>
<!-- Generated by org.testng.reporters.JUnitReportReporter -->
<testsuite hostname="DESKTOP-T4JK67Q" failures="0" tests="3" name="dfm.DecisionSearch" time="36.109" errors="0" timestamp="2023-01-18T12:50:44 IST" skipped="0">
  <testcase classname="dfm.DecisionSearch" name="loginToApplication" time="20.088"/>
  <system-out/>
  <testcase classname="dfm.DecisionSearch" name="printListOfElements" time="7.527"/>
  <system-out/>
  <testcase classname="dfm.DecisionSearch" name="printListOfDecisionElements" time="8.494"/>
  <system-out/>
</testsuite> <!-- dfm.DecisionSearch -->
