<?xml version="1.0" encoding="UTF-8"?>
<!-- Generated by org.testng.reporters.JUnitReportReporter -->
<testsuite hostname="DESKTOP-T4JK67Q" failures="0" tests="3" name="dfm.DeleteBranch" time="48.503" errors="0" timestamp="2023-02-14T19:10:45 IST" skipped="0">
  <testcase classname="dfm.DeleteBranch" name="loginAction" time="20.589"/>
  <system-out/>
  <testcase classname="dfm.DeleteBranch" name="deleteBranch" time="25.130"/>
  <system-out/>
  <testcase classname="dfm.DeleteBranch" name="validateBranch" time="2.784"/>
  <system-out/>
</testsuite> <!-- dfm.DeleteBranch -->
