<?xml version="1.0" encoding="UTF-8"?>
<!-- Generated by org.testng.reporters.JUnitReportReporter -->
<testsuite hostname="DESKTOP-T4JK67Q" failures="0" tests="2" name="dfm.DeleteObjectsAndDiagramUsingSearch" time="68.036" errors="0" timestamp="2023-02-28T17:04:27 IST" skipped="0">
  <testcase classname="dfm.DeleteObjectsAndDiagramUsingSearch" name="loginToApplication" time="15.209"/>
  <system-out/>
  <testcase classname="dfm.DeleteObjectsAndDiagramUsingSearch" name="printListOfElements" time="52.827"/>
  <system-out/>
</testsuite> <!-- dfm.DeleteObjectsAndDiagramUsingSearch -->
