<?xml version="1.0" encoding="UTF-8"?>
<!-- Generated by org.testng.reporters.JUnitReportReporter -->
<testsuite hostname="DESKTOP-T4JK67Q" failures="0" tests="3" name="dfm.DeleteObjects" time="46.644" errors="0" timestamp="2023-02-28T17:04:27 IST" skipped="0">
  <testcase classname="dfm.DeleteObjects" name="loginToApplication" time="18.658"/>
  <system-out/>
  <testcase classname="dfm.DeleteObjects" name="validateDiagram" time="13.492"/>
  <system-out/>
  <testcase classname="dfm.DeleteObjects" name="deleteDiagram" time="14.494"/>
  <system-out/>
</testsuite> <!-- dfm.DeleteObjects -->
