<?xml version="1.0" encoding="UTF-8"?>
<!-- Generated by org.testng.reporters.JUnitReportReporter -->
<testsuite hostname="DESKTOP-T4JK67Q" failures="0" tests="3" name="dfm.AddTagTest" time="42.532" errors="0" timestamp="2023-02-17T18:13:09 IST" skipped="0">
  <testcase classname="dfm.AddTagTest" name="loginToApplication" time="22.093"/>
  <system-out>
    <![CDATA[Test Case for Add Tag]]>
  </system-out>
  <testcase classname="dfm.AddTagTest" name="addTag" time="18.025"/>
  <system-out/>
  <testcase classname="dfm.AddTagTest" name="validateTag" time="2.414"/>
  <system-out/>
</testsuite> <!-- dfm.AddTagTest -->
