<?xml version="1.0" encoding="UTF-8"?>
<!-- Generated by org.testng.reporters.JUnitReportReporter -->
<testsuite hostname="DESKTOP-T4JK67Q" failures="0" tests="2" name="dfm.AddCustomer" time="60.387" errors="0" timestamp="2023-02-28T17:04:27 IST" skipped="0">
  <testcase classname="dfm.AddCustomer" name="AddCustomerModeler" time="46.413"/>
  <system-out/>
  <testcase classname="dfm.AddCustomer" name="validateCustomer" time="13.974"/>
  <system-out/>
</testsuite> <!-- dfm.AddCustomer -->
