<?xml version="1.0" encoding="UTF-8"?>
<!-- Generated by org.testng.reporters.JUnitReportReporter -->
<testsuite hostname="DESKTOP-T4JK67Q" failures="0" tests="2" name="dfm.MultiUserUpdateTag01" time="41.478" errors="0" timestamp="2023-01-27T18:12:52 IST" skipped="0">
  <testcase classname="dfm.MultiUserUpdateTag01" name="loginToApplication" time="21.649"/>
  <system-out>
    <![CDATA[Test Case for Add Tag]]>
  </system-out>
  <testcase classname="dfm.MultiUserUpdateTag01" name="addTag" time="19.829"/>
  <system-out/>
</testsuite> <!-- dfm.MultiUserUpdateTag01 -->
