<?xml version="1.0" encoding="UTF-8"?>
<!-- Generated by org.testng.reporters.JUnitReportReporter -->
<testsuite hostname="DESKTOP-T4JK67Q" failures="0" tests="3" name="dfm.DiagramSearch" time="33.202" errors="0" timestamp="2023-01-17T17:25:17 IST" skipped="0">
  <testcase classname="dfm.DiagramSearch" name="loginToApplication" time="20.451"/>
  <system-out/>
  <testcase classname="dfm.DiagramSearch" name="printListOfElements" time="7.534"/>
  <system-out/>
  <testcase classname="dfm.DiagramSearch" name="printListOfDecisionElements" time="5.217"/>
  <system-out/>
</testsuite> <!-- dfm.DiagramSearch -->
