<?xml version="1.0" encoding="UTF-8"?>
<!-- Generated by org.testng.reporters.JUnitReportReporter -->
<testsuite hostname="DESKTOP-T4JK67Q" failures="0" tests="3" name="dfm.DeleteDiagram" time="33.008" errors="0" timestamp="2023-02-17T15:54:58 IST" skipped="0">
  <testcase classname="dfm.DeleteDiagram" name="loginToApplication" time="14.669"/>
  <system-out/>
  <testcase classname="dfm.DeleteDiagram" name="deleteDiagram" time="8.152"/>
  <system-out/>
  <testcase classname="dfm.DeleteDiagram" name="validateDiagram" time="10.187"/>
  <system-out/>
</testsuite> <!-- dfm.DeleteDiagram -->
