<?xml version="1.0" encoding="UTF-8"?>
<!-- Generated by org.testng.reporters.JUnitReportReporter -->
<testsuite hostname="DESKTOP-T4JK67Q" failures="0" tests="3" name="dfm.KnowledgeSourceDataTest" time="98.239" errors="0" timestamp="2023-01-05T18:06:16 IST" skipped="0">
  <testcase classname="dfm.KnowledgeSourceDataTest" name="enterKnowledgeSourceDataDetails" time="77.253"/>
  <system-out/>
  <testcase classname="dfm.KnowledgeSourceDataTest" name="verifyKnowledgeSourceDataDetails" time="14.256"/>
  <system-out/>
  <testcase classname="dfm.KnowledgeSourceDataTest" name="validateKnowledgeSourceDataDetails" time="6.730"/>
  <system-out/>
</testsuite> <!-- dfm.KnowledgeSourceDataTest -->
