<?xml version="1.0" encoding="UTF-8"?>
<!-- Generated by org.testng.reporters.JUnitReportReporter -->
<testsuite hostname="DESKTOP-T4JK67Q" failures="0" tests="3" name="dfm.MultiUserWithTag02" time="58.325" errors="0" timestamp="2023-01-25T18:22:32 IST" skipped="0">
  <testcase classname="dfm.MultiUserWithTag02" name="loginToApplication" time="19.922"/>
  <system-out>
    <![CDATA[Test Case for Add Tag]]>
  </system-out>
  <testcase classname="dfm.MultiUserWithTag02" name="addTag" time="13.813"/>
  <system-out/>
  <testcase classname="dfm.MultiUserWithTag02" name="validateTag" time="24.590"/>
  <system-out/>
</testsuite> <!-- dfm.MultiUserWithTag02 -->
