<?xml version="1.0" encoding="UTF-8"?>
<!-- Generated by org.testng.reporters.JUnitReportReporter -->
<testsuite hostname="DESKTOP-T4JK67Q" failures="0" tests="2" name="dfm.DeleteGroupsModelerUI" time="35.959" errors="0" timestamp="2022-12-23T13:59:28 IST" skipped="0">
  <testcase classname="dfm.DeleteGroupsModelerUI" name="addGroupsModelerUI01" time="20.189"/>
  <system-out>
    <![CDATA[Test Case for Delete Group]]>
  </system-out>
  <testcase classname="dfm.DeleteGroupsModelerUI" name="deleteGroupsModeler" time="15.770"/>
  <system-out/>
</testsuite> <!-- dfm.DeleteGroupsModelerUI -->
