<?xml version="1.0" encoding="UTF-8"?>
<!-- Generated by org.testng.reporters.JUnitReportReporter -->
<testsuite hostname="DESKTOP-T4JK67Q" failures="0" tests="6" name="dfm.LoginAdmin_01" time="21.582" errors="0" timestamp="2023-01-11T15:21:47 IST" skipped="0">
  <testcase classname="dfm.LoginAdmin_01" name="LoginToAdminAccount" time="5.400"/>
  <system-out>
    <![CDATA[Test Case for Login]]>
  </system-out>
  <testcase classname="dfm.LoginAdmin_01" name="LoginToAdminAccount" time="5.016"/>
  <system-out>
    <![CDATA[Test Case for Login]]>
  </system-out>
  <testcase classname="dfm.LoginAdmin_01" name="LoginToAdminAccount" time="4.408"/>
  <system-out>
    <![CDATA[Test Case for Login]]>
  </system-out>
  <testcase classname="dfm.LoginAdmin_01" name="logOut" time="2.229"/>
  <system-out>
    <![CDATA[Test Case for Logout]]>
  </system-out>
  <testcase classname="dfm.LoginAdmin_01" name="logOut" time="1.959"/>
  <system-out>
    <![CDATA[Test Case for Logout]]>
  </system-out>
  <testcase classname="dfm.LoginAdmin_01" name="logOut" time="2.570"/>
  <system-out>
    <![CDATA[Test Case for Logout]]>
  </system-out>
</testsuite> <!-- dfm.LoginAdmin_01 -->
