<?xml version="1.0" encoding="UTF-8"?>
<!-- Generated by org.testng.reporters.JUnitReportReporter -->
<testsuite hostname="DESKTOP-T4JK67Q" failures="0" tests="2" name="dfm.MultiUserWithObjects02" time="44.474" errors="0" timestamp="2023-01-17T15:48:17 IST" skipped="0">
  <testcase classname="dfm.MultiUserWithObjects02" name="loginAction" time="14.793"/>
  <system-out/>
  <testcase classname="dfm.MultiUserWithObjects02" name="navigateToObjects" time="29.681"/>
  <system-out/>
</testsuite> <!-- dfm.MultiUserWithObjects02 -->
