<?xml version="1.0" encoding="UTF-8"?>
<!-- Generated by org.testng.reporters.JUnitReportReporter -->
<testsuite hostname="DESKTOP-T4JK67Q" failures="0" tests="3" name="dfm.AutomateDecisionTest" time="92.392" errors="0" timestamp="2023-01-03T19:10:45 IST" skipped="0">
  <testcase classname="dfm.AutomateDecisionTest" name="enterAutomateDecisionDetails" time="75.685"/>
  <system-out/>
  <testcase classname="dfm.AutomateDecisionTest" name="verifyAutomateDecision" time="10.188"/>
  <system-out/>
  <testcase classname="dfm.AutomateDecisionTest" name="validateAutomateDecision" time="6.519"/>
  <system-out/>
</testsuite> <!-- dfm.AutomateDecisionTest -->
