<?xml version="1.0" encoding="UTF-8"?>
<!-- Generated by org.testng.reporters.JUnitReportReporter -->
<testsuite hostname="DESKTOP-T4JK67Q" failures="0" tests="3" name="dfm.DecisionDataTest" time="85.333" errors="0" timestamp="2023-01-09T17:50:19 IST" skipped="0">
  <testcase classname="dfm.DecisionDataTest" name="enterAutomateDecisionDetails" time="69.170"/>
  <system-out/>
  <testcase classname="dfm.DecisionDataTest" name="verifyAutomateDecision" time="9.756"/>
  <system-out/>
  <testcase classname="dfm.DecisionDataTest" name="validateAutomateDecision" time="6.407"/>
  <system-out/>
</testsuite> <!-- dfm.DecisionDataTest -->
