<?xml version="1.0" encoding="UTF-8"?>
<!-- Generated by org.testng.reporters.JUnitReportReporter -->
<testsuite hostname="DESKTOP-T4JK67Q" failures="0" tests="2" name="dfm.MultiuserWithProject02" time="20.306" errors="0" timestamp="2023-01-24T17:27:13 IST" skipped="0">
  <testcase classname="dfm.MultiuserWithProject02" name="loginAction" time="16.911"/>
  <system-out/>
  <testcase classname="dfm.MultiuserWithProject02" name="validateCreatedTags" time="3.395"/>
  <system-out/>
</testsuite> <!-- dfm.MultiuserWithProject02 -->
