<?xml version="1.0" encoding="UTF-8"?>
<!-- Generated by org.testng.reporters.JUnitReportReporter -->
<testsuite hostname="DESKTOP-T4JK67Q" failures="0" tests="2" name="dfm.DeleteCustomer" time="30.897" errors="0" timestamp="2023-02-17T18:26:10 IST" skipped="0">
  <testcase classname="dfm.DeleteCustomer" name="logInToApplication" time="13.336"/>
  <system-out>
    <![CDATA[Test Case for Login]]>
  </system-out>
  <testcase classname="dfm.DeleteCustomer" name="deleteCustomer" time="17.561"/>
  <system-out>
    <![CDATA[Test Case to Delete Customer]]>
  </system-out>
</testsuite> <!-- dfm.DeleteCustomer -->
