<?xml version="1.0" encoding="UTF-8"?>
<!-- Generated by org.testng.reporters.JUnitReportReporter -->
<testsuite hostname="DESKTOP-T4JK67Q" failures="0" tests="3" name="dfm.DeleteObjects" time="46.007" errors="0" timestamp="2023-02-27T17:47:15 IST" skipped="0">
  <testcase classname="dfm.DeleteObjects" name="loginToApplication" time="17.892"/>
  <system-out/>
  <testcase classname="dfm.DeleteObjects" name="validateDiagram" time="13.493"/>
  <system-out/>
  <testcase classname="dfm.DeleteObjects" name="deleteDiagram" time="14.622"/>
  <system-out/>
</testsuite> <!-- dfm.DeleteObjects -->
