<?xml version="1.0" encoding="UTF-8"?>
<!-- Generated by org.testng.reporters.JUnitReportReporter -->
<testsuite hostname="DESKTOP-T4JK67Q" failures="0" tests="3" name="dfm.ImplementationDataTest" time="92.446" errors="0" timestamp="2023-01-10T12:14:26 IST" skipped="0">
  <testcase classname="dfm.ImplementationDataTest" name="enterImplementationDataDetails" time="71.143"/>
  <system-out/>
  <testcase classname="dfm.ImplementationDataTest" name="verifyImplementationDataDetails" time="15.962"/>
  <system-out/>
  <testcase classname="dfm.ImplementationDataTest" name="validateImplementationDataDetails" time="5.341"/>
  <system-out/>
</testsuite> <!-- dfm.ImplementationDataTest -->
