<?xml version="1.0" encoding="UTF-8"?>
<!-- Generated by org.testng.reporters.JUnitReportReporter -->
<testsuite hostname="DESKTOP-T4JK67Q" failures="0" tests="3" name="dfm.MultiuserWithProject02" time="59.071" errors="0" timestamp="2023-01-25T18:26:29 IST" skipped="0">
  <testcase classname="dfm.MultiuserWithProject02" name="loginAction" time="24.446"/>
  <system-out/>
  <testcase classname="dfm.MultiuserWithProject02" name="addProject" time="7.072"/>
  <system-out/>
  <testcase classname="dfm.MultiuserWithProject02" name="validateTag" time="27.553"/>
  <system-out/>
</testsuite> <!-- dfm.MultiuserWithProject02 -->
