<?xml version="1.0" encoding="UTF-8"?>
<!-- Generated by org.testng.reporters.JUnitReportReporter -->
<testsuite hostname="DESKTOP-T4JK67Q" failures="0" tests="3" name="dfm.MultiUser02" time="28.836" errors="0" timestamp="2023-02-06T10:57:28 IST" skipped="0">
  <testcase classname="dfm.MultiUser02" name="loginAction2" time="11.356"/>
  <system-out/>
  <testcase classname="dfm.MultiUser02" name="navigateToDiagram2" time="11.292"/>
  <system-out/>
  <testcase classname="dfm.MultiUser02" name="createDiagram3" time="6.188"/>
  <system-out/>
</testsuite> <!-- dfm.MultiUser02 -->
