<?xml version="1.0" encoding="UTF-8"?>
<!-- Generated by org.testng.reporters.JUnitReportReporter -->
<testsuite hostname="DESKTOP-T4JK67Q" failures="0" tests="3" name="dfm.LanguageSortSearch" time="39.320" errors="0" timestamp="2023-01-19T18:07:53 IST" skipped="0">
  <testcase classname="dfm.LanguageSortSearch" name="loginToApplication" time="21.468"/>
  <system-out/>
  <testcase classname="dfm.LanguageSortSearch" name="printListOfElements" time="8.586"/>
  <system-out/>
  <testcase classname="dfm.LanguageSortSearch" name="printListOfDiagramElements" time="9.266"/>
  <system-out/>
</testsuite> <!-- dfm.LanguageSortSearch -->
