<?xml version="1.0" encoding="UTF-8"?>
<!-- Generated by org.testng.reporters.JUnitReportReporter -->
<testsuite hostname="DESKTOP-T4JK67Q" failures="0" tests="2" name="dfm.MultiuserWithProject01" time="37.136" errors="0" timestamp="2023-01-25T18:26:29 IST" skipped="0">
  <testcase classname="dfm.MultiuserWithProject01" name="loginAction" time="21.671"/>
  <system-out/>
  <testcase classname="dfm.MultiuserWithProject01" name="addProject" time="15.465"/>
  <system-out/>
</testsuite> <!-- dfm.MultiuserWithProject01 -->
