<?xml version="1.0" encoding="UTF-8"?>
<!-- Generated by org.testng.reporters.JUnitReportReporter -->
<testsuite hostname="DESKTOP-T4JK67Q" failures="0" tests="3" name="dfm.AddGroupsModelerUI01Test" time="35.181" errors="0" timestamp="2022-12-23T13:58:03 IST" skipped="0">
  <testcase classname="dfm.AddGroupsModelerUI01Test" name="loginAction" time="24.412"/>
  <system-out>
    <![CDATA[Test Case for Add Group]]>
  </system-out>
  <testcase classname="dfm.AddGroupsModelerUI01Test" name="addGroups" time="4.083"/>
  <system-out/>
  <testcase classname="dfm.AddGroupsModelerUI01Test" name="ValidateGroups" time="6.686"/>
  <system-out/>
</testsuite> <!-- dfm.AddGroupsModelerUI01Test -->
