<?xml version="1.0" encoding="UTF-8"?>
<!-- Generated by org.testng.reporters.JUnitReportReporter -->
<testsuite hostname="DESKTOP-T4JK67Q" failures="0" tests="1" name="dfm.AddCustomer" time="54.913" errors="0" timestamp="2022-12-13T12:08:13 IST" skipped="0">
  <testcase classname="dfm.AddCustomer" name="AddCustomerModeler" time="54.913"/>
  <system-out/>
</testsuite> <!-- dfm.AddCustomer -->
