<?xml version="1.0" encoding="UTF-8"?>
<!-- Generated by org.testng.reporters.JUnitReportReporter -->
<testsuite hostname="DESKTOP-T4JK67Q" failures="0" tests="3" name="dfm.MultiUserAddTag02" time="53.445" errors="0" timestamp="2023-02-02T18:10:38 IST" skipped="0">
  <testcase classname="dfm.MultiUserAddTag02" name="loginToApplication" time="14.661"/>
  <system-out>
    <![CDATA[Test Case for Add Tag]]>
  </system-out>
  <testcase classname="dfm.MultiUserAddTag02" name="addTag" time="14.125"/>
  <system-out/>
  <testcase classname="dfm.MultiUserAddTag02" name="validateTag" time="24.659"/>
  <system-out/>
</testsuite> <!-- dfm.MultiUserAddTag02 -->
