<?xml version="1.0" encoding="UTF-8"?>
<!-- Generated by org.testng.reporters.JUnitReportReporter -->
<testsuite hostname="DESKTOP-T4JK67Q" failures="0" tests="3" name="dfm.DeleteUserModelerUI" time="55.905" errors="0" timestamp="2023-02-27T17:47:15 IST" skipped="0">
  <testcase classname="dfm.DeleteUserModelerUI" name="loginAction" time="27.903"/>
  <system-out/>
  <testcase classname="dfm.DeleteUserModelerUI" name="navigateUserSection" time="7.185"/>
  <system-out/>
  <testcase classname="dfm.DeleteUserModelerUI" name="deleteUserAndValidate" time="20.817"/>
  <system-out/>
</testsuite> <!-- dfm.DeleteUserModelerUI -->
