<?xml version="1.0" encoding="UTF-8"?>
<!-- Generated by org.testng.reporters.JUnitReportReporter -->
<testsuite hostname="DESKTOP-T4JK67Q" failures="0" tests="2" name="dfm.MultiUserWithTag01" time="31.003" errors="0" timestamp="2023-01-27T17:28:32 IST" skipped="0">
  <testcase classname="dfm.MultiUserWithTag01" name="loginToApplication" time="15.854"/>
  <system-out>
    <![CDATA[Test Case for Add Tag]]>
  </system-out>
  <testcase classname="dfm.MultiUserWithTag01" name="addTag" time="15.149"/>
  <system-out/>
</testsuite> <!-- dfm.MultiUserWithTag01 -->
