<?xml version="1.0" encoding="UTF-8"?>
<!-- Generated by org.testng.reporters.JUnitReportReporter -->
<testsuite hostname="DESKTOP-T4JK67Q" failures="0" tests="3" name="dfm.DeleteDiagram" time="42.569" errors="0" timestamp="2022-12-23T16:54:07 IST" skipped="0">
  <testcase classname="dfm.DeleteDiagram" name="loginToApplication" time="26.481"/>
  <system-out/>
  <testcase classname="dfm.DeleteDiagram" name="deleteDiagram" time="8.091"/>
  <system-out/>
  <testcase classname="dfm.DeleteDiagram" name="validateDiagram" time="7.997"/>
  <system-out/>
</testsuite> <!-- dfm.DeleteDiagram -->
