<?xml version="1.0" encoding="UTF-8"?>
<!-- Generated by org.testng.reporters.JUnitReportReporter -->
<testsuite hostname="DESKTOP-T4JK67Q" failures="0" tests="2" name="dfm.ValidateNewDiagramAndObjects" time="190.181" errors="0" timestamp="2022-12-23T19:12:57 IST" skipped="0">
  <testcase classname="dfm.ValidateNewDiagramAndObjects" name="loginToDfmApplication" time="20.092"/>
  <system-out>
    <![CDATA[Test Case for Add Diagram]]>
  </system-out>
  <testcase classname="dfm.ValidateNewDiagramAndObjects" name="addAndValidateProject" time="170.089"/>
  <system-out/>
</testsuite> <!-- dfm.ValidateNewDiagramAndObjects -->
