<?xml version="1.0" encoding="UTF-8"?>
<!-- Generated by org.testng.reporters.JUnitReportReporter -->
<testsuite hostname="DESKTOP-T4JK67Q" failures="0" tests="2" name="dfm.MultiUserDeleteTag01" time="31.714" errors="0" timestamp="2023-02-02T17:04:33 IST" skipped="0">
  <testcase classname="dfm.MultiUserDeleteTag01" name="loginToApplication" time="16.370"/>
  <system-out>
    <![CDATA[Test Case for Add Tag]]>
  </system-out>
  <testcase classname="dfm.MultiUserDeleteTag01" name="addTag" time="15.344"/>
  <system-out/>
</testsuite> <!-- dfm.MultiUserDeleteTag01 -->
