<?xml version="1.0" encoding="UTF-8"?>
<!-- Generated by org.testng.reporters.JUnitReportReporter -->
<testsuite hostname="DESKTOP-T4JK67Q" failures="0" tests="2" name="dfm.ChangePasswordTest" time="43.825" errors="0" timestamp="2023-01-06T15:29:00 IST" skipped="0">
  <testcase classname="dfm.ChangePasswordTest" name="logInAction" time="21.353"/>
  <system-out/>
  <testcase classname="dfm.ChangePasswordTest" name="changePassword" time="22.472"/>
  <system-out/>
</testsuite> <!-- dfm.ChangePasswordTest -->
