<?xml version="1.0" encoding="UTF-8"?>
<!-- Generated by org.testng.reporters.JUnitReportReporter -->
<testsuite hostname="DESKTOP-T4JK67Q" failures="0" tests="3" name="dfm.CreateBranch" time="63.680" errors="0" timestamp="2023-02-27T17:47:15 IST" skipped="0">
  <testcase classname="dfm.CreateBranch" name="loginAction" time="28.833"/>
  <system-out/>
  <testcase classname="dfm.CreateBranch" name="createBranch" time="24.854"/>
  <system-out/>
  <testcase classname="dfm.CreateBranch" name="validateBranch" time="9.993"/>
  <system-out/>
</testsuite> <!-- dfm.CreateBranch -->
