<?xml version="1.0" encoding="UTF-8"?>
<!-- Generated by org.testng.reporters.JUnitReportReporter -->
<testsuite hostname="DESKTOP-T4JK67Q" failures="0" tests="3" name="dfm.DeleteBranch" time="45.049" errors="0" timestamp="2023-02-23T17:04:05 IST" skipped="0">
  <testcase classname="dfm.DeleteBranch" name="loginAction" time="19.166"/>
  <system-out/>
  <testcase classname="dfm.DeleteBranch" name="deleteBranch" time="23.590"/>
  <system-out/>
  <testcase classname="dfm.DeleteBranch" name="validateBranch" time="2.293"/>
  <system-out/>
</testsuite> <!-- dfm.DeleteBranch -->
