<?xml version="1.0" encoding="UTF-8"?>
<!-- Generated by org.testng.reporters.JUnitReportReporter -->
<testsuite hostname="DESKTOP-T4JK67Q" failures="0" tests="3" name="dfm.AddGroupsModelerUI01Test" time="37.012" errors="0" timestamp="2022-12-22T19:03:16 IST" skipped="0">
  <testcase classname="dfm.AddGroupsModelerUI01Test" name="loginAction" time="25.244"/>
  <system-out/>
  <testcase classname="dfm.AddGroupsModelerUI01Test" name="addGroups" time="4.700"/>
  <system-out/>
  <testcase classname="dfm.AddGroupsModelerUI01Test" name="ValidateGroups" time="7.068"/>
  <system-out/>
</testsuite> <!-- dfm.AddGroupsModelerUI01Test -->
