<?xml version="1.0" encoding="UTF-8"?>
<!-- Generated by org.testng.reporters.JUnitReportReporter -->
<testsuite hostname="DESKTOP-T4JK67Q" failures="0" tests="2" name="dfm.MultiUserWithTag01" time="35.432" errors="0" timestamp="2023-01-25T18:22:32 IST" skipped="0">
  <testcase classname="dfm.MultiUserWithTag01" name="loginToApplication" time="19.938"/>
  <system-out>
    <![CDATA[Test Case for Add Tag]]>
  </system-out>
  <testcase classname="dfm.MultiUserWithTag01" name="addTag" time="15.494"/>
  <system-out/>
</testsuite> <!-- dfm.MultiUserWithTag01 -->
