<?xml version="1.0" encoding="UTF-8"?>
<!-- Generated by org.testng.reporters.JUnitReportReporter -->
<testsuite hostname="DESKTOP-T4JK67Q" failures="0" tests="3" name="dfm.DiagramSearch" time="43.899" errors="0" timestamp="2023-01-18T18:18:32 IST" skipped="0">
  <testcase classname="dfm.DiagramSearch" name="loginToApplication" time="21.006"/>
  <system-out/>
  <testcase classname="dfm.DiagramSearch" name="printListOfElements" time="7.842"/>
  <system-out/>
  <testcase classname="dfm.DiagramSearch" name="printListOfDiagramElements" time="15.051"/>
  <system-out/>
</testsuite> <!-- dfm.DiagramSearch -->
