<?xml version="1.0" encoding="UTF-8"?>
<!-- Generated by org.testng.reporters.JUnitReportReporter -->
<testsuite hostname="DESKTOP-T4JK67Q" failures="0" tests="3" name="dfm.MovePojectTest" time="62.988" errors="0" timestamp="2023-02-15T12:40:13 IST" skipped="0">
  <testcase classname="dfm.MovePojectTest" name="loginAction" time="20.087"/>
  <system-out/>
  <testcase classname="dfm.MovePojectTest" name="moveToProject" time="32.467"/>
  <system-out/>
  <testcase classname="dfm.MovePojectTest" name="validateMoveProject" time="10.434"/>
  <system-out/>
</testsuite> <!-- dfm.MovePojectTest -->
