<?xml version="1.0" encoding="UTF-8"?>
<!-- Generated by org.testng.reporters.JUnitReportReporter -->
<testsuite hostname="DESKTOP-T4JK67Q" failures="0" tests="3" name="dfm.AddUserModelerUI01Test" time="33.733" errors="0" timestamp="2023-02-28T17:04:27 IST" skipped="0">
  <testcase classname="dfm.AddUserModelerUI01Test" name="loginAction" time="13.483"/>
  <system-out>
    <![CDATA[Test Case for Add User & Validate]]>
  </system-out>
  <testcase classname="dfm.AddUserModelerUI01Test" name="addUser" time="9.583"/>
  <system-out/>
  <testcase classname="dfm.AddUserModelerUI01Test" name="validateAddedUser" time="10.667"/>
  <system-out/>
</testsuite> <!-- dfm.AddUserModelerUI01Test -->
