<?xml version="1.0" encoding="UTF-8"?>
<!-- Generated by org.testng.reporters.JUnitReportReporter -->
<testsuite hostname="DESKTOP-T4JK67Q" failures="0" tests="2" name="dfm.DeleteObjectsAndDiagramUsingSearch" time="74.087" errors="0" timestamp="2023-02-27T17:47:15 IST" skipped="0">
  <testcase classname="dfm.DeleteObjectsAndDiagramUsingSearch" name="loginToApplication" time="17.657"/>
  <system-out/>
  <testcase classname="dfm.DeleteObjectsAndDiagramUsingSearch" name="printListOfElements" time="56.430"/>
  <system-out/>
</testsuite> <!-- dfm.DeleteObjectsAndDiagramUsingSearch -->
