<?xml version="1.0" encoding="UTF-8"?>
<!-- Generated by org.testng.reporters.JUnitReportReporter -->
<testsuite hostname="DESKTOP-T4JK67Q" failures="0" tests="3" name="dfm.MovePojectTest" time="63.360" errors="0" timestamp="2023-02-23T16:01:01 IST" skipped="0">
  <testcase classname="dfm.MovePojectTest" name="loginAction" time="20.053"/>
  <system-out/>
  <testcase classname="dfm.MovePojectTest" name="moveToProject" time="32.846"/>
  <system-out/>
  <testcase classname="dfm.MovePojectTest" name="validateMoveProject" time="10.461"/>
  <system-out/>
</testsuite> <!-- dfm.MovePojectTest -->
