<?xml version="1.0" encoding="UTF-8"?>
<!-- Generated by org.testng.reporters.JUnitReportReporter -->
<testsuite hostname="DESKTOP-T4JK67Q" failures="0" tests="3" name="dfm.DeleteUserModelerUI" time="32.642" errors="0" timestamp="2022-12-22T18:15:43 IST" skipped="0">
  <testcase classname="dfm.DeleteUserModelerUI" name="loginAction" time="14.070"/>
  <system-out>
    <![CDATA[Test Case for Delete User]]>
  </system-out>
  <testcase classname="dfm.DeleteUserModelerUI" name="navigateUserSection" time="3.695"/>
  <system-out/>
  <testcase classname="dfm.DeleteUserModelerUI" name="deleteUserAndValidate" time="14.877"/>
  <system-out/>
</testsuite> <!-- dfm.DeleteUserModelerUI -->
