<?xml version="1.0" encoding="UTF-8"?>
<!-- Generated by org.testng.reporters.JUnitReportReporter -->
<testsuite hostname="DESKTOP-T4JK67Q" failures="0" tests="3" name="dfm.MultiUser04" time="32.663" errors="0" timestamp="2023-02-02T18:06:49 IST" skipped="0">
  <testcase classname="dfm.MultiUser04" name="loginAction4" time="15.204"/>
  <system-out/>
  <testcase classname="dfm.MultiUser04" name="navigateToDiagram4" time="11.428"/>
  <system-out/>
  <testcase classname="dfm.MultiUser04" name="createDiagram4" time="6.031"/>
  <system-out/>
</testsuite> <!-- dfm.MultiUser04 -->
