<?xml version="1.0" encoding="UTF-8"?>
<!-- Generated by org.testng.reporters.JUnitReportReporter -->
<testsuite hostname="DESKTOP-T4JK67Q" failures="0" tests="2" name="dfm.DeleteCustomer" time="0.000" errors="0" timestamp="2022-12-21T16:20:57 IST" skipped="2">
  <testcase classname="dfm.DeleteCustomer" name="logInToApplication" time="0.000">
    <skipped/>
  </testcase> <!-- logInToApplication -->
  <system-out/>
  <testcase classname="dfm.DeleteCustomer" name="deleteCustomer" time="0.000">
    <skipped/>
  </testcase> <!-- deleteCustomer -->
  <system-out/>
</testsuite> <!-- dfm.DeleteCustomer -->
