<?xml version="1.0" encoding="UTF-8"?>
<!-- Generated by org.testng.reporters.JUnitReportReporter -->
<testsuite hostname="DESKTOP-T4JK67Q" failures="0" tests="2" name="dfm.LoginAdmin_01" time="9.773" errors="0" timestamp="2022-12-15T18:07:36 IST" skipped="0">
  <testcase classname="dfm.LoginAdmin_01" name="LoginToAdminAccount" time="5.983"/>
  <system-out>
    <![CDATA[Test Case for Login]]>
  </system-out>
  <testcase classname="dfm.LoginAdmin_01" name="logOut" time="3.790"/>
  <system-out>
    <![CDATA[Test Case for Logout]]>
  </system-out>
</testsuite> <!-- dfm.LoginAdmin_01 -->
