<?xml version="1.0" encoding="UTF-8"?>
<!-- Generated by org.testng.reporters.JUnitReportReporter -->
<testsuite hostname="DESKTOP-T4JK67Q" failures="0" tests="3" name="dfm.AddUserModelerUI01Test" time="34.342" errors="0" timestamp="2022-12-22T18:15:43 IST" skipped="0">
  <testcase classname="dfm.AddUserModelerUI01Test" name="loginAction" time="13.243"/>
  <system-out>
    <![CDATA[Test Case for Add User & Validate]]>
  </system-out>
  <testcase classname="dfm.AddUserModelerUI01Test" name="addUser" time="8.760"/>
  <system-out/>
  <testcase classname="dfm.AddUserModelerUI01Test" name="validateAddedUser" time="12.339"/>
  <system-out/>
</testsuite> <!-- dfm.AddUserModelerUI01Test -->
