<?xml version="1.0" encoding="UTF-8"?>
<!-- Generated by org.testng.reporters.JUnitReportReporter -->
<testsuite hostname="DESKTOP-T4JK67Q" failures="0" tests="6" name="dfm.LoginAdmin_01" time="32.808" errors="0" timestamp="2023-02-16T17:49:06 IST" skipped="0">
  <testcase classname="dfm.LoginAdmin_01" name="LoginToAdminAccount" time="8.499"/>
  <system-out>
    <![CDATA[Test Case for Login]]>
  </system-out>
  <testcase classname="dfm.LoginAdmin_01" name="LoginToAdminAccount" time="8.450"/>
  <system-out>
    <![CDATA[Test Case for Login]]>
  </system-out>
  <testcase classname="dfm.LoginAdmin_01" name="LoginToAdminAccount" time="8.281"/>
  <system-out>
    <![CDATA[Test Case for Login]]>
  </system-out>
  <testcase classname="dfm.LoginAdmin_01" name="logOut" time="1.927"/>
  <system-out>
    <![CDATA[Test Case for Logout]]>
  </system-out>
  <testcase classname="dfm.LoginAdmin_01" name="logOut" time="2.963"/>
  <system-out>
    <![CDATA[Test Case for Logout]]>
  </system-out>
  <testcase classname="dfm.LoginAdmin_01" name="logOut" time="2.688"/>
  <system-out>
    <![CDATA[Test Case for Logout]]>
  </system-out>
</testsuite> <!-- dfm.LoginAdmin_01 -->
