<?xml version="1.0" encoding="UTF-8"?>
<!-- Generated by org.testng.reporters.JUnitReportReporter -->
<testsuite hostname="DESKTOP-T4JK67Q" failures="0" tests="2" name="dfm.MultiUserUpdateTag01" time="34.065" errors="0" timestamp="2023-01-31T19:26:59 IST" skipped="0">
  <testcase classname="dfm.MultiUserUpdateTag01" name="loginToApplication" time="15.424"/>
  <system-out>
    <![CDATA[Test Case for Add Tag]]>
  </system-out>
  <testcase classname="dfm.MultiUserUpdateTag01" name="addTag" time="18.641"/>
  <system-out/>
</testsuite> <!-- dfm.MultiUserUpdateTag01 -->
