<?xml version="1.0" encoding="UTF-8"?>
<!-- Generated by org.testng.reporters.JUnitReportReporter -->
<testsuite hostname="DESKTOP-T4JK67Q" failures="0" tests="3" name="dfm.SearchFunctionality" time="32.322" errors="0" timestamp="2023-01-17T17:15:11 IST" skipped="0">
  <testcase classname="dfm.SearchFunctionality" name="loginToApplication" time="19.560"/>
  <system-out/>
  <testcase classname="dfm.SearchFunctionality" name="printListOfElements" time="7.538"/>
  <system-out/>
  <testcase classname="dfm.SearchFunctionality" name="printListOfDecisionElements" time="5.224"/>
  <system-out/>
</testsuite> <!-- dfm.SearchFunctionality -->
