<?xml version="1.0" encoding="UTF-8"?>
<!-- Generated by org.testng.reporters.JUnitReportReporter -->
<testsuite hostname="DESKTOP-T4JK67Q" failures="0" tests="2" name="dfm.AddProjectTest" time="37.487" errors="0" timestamp="2023-02-27T17:47:15 IST" skipped="0">
  <testcase classname="dfm.AddProjectTest" name="addProject" time="37.047"/>
  <system-out/>
  <testcase classname="dfm.AddProjectTest" name="validateProject" time="0.440"/>
  <system-out/>
</testsuite> <!-- dfm.AddProjectTest -->
