<?xml version="1.0" encoding="UTF-8"?>
<!-- Generated by org.testng.reporters.JUnitReportReporter -->
<testsuite hostname="DESKTOP-T4JK67Q" failures="0" tests="3" name="dfm.MultiUser01" time="78.456" errors="0" timestamp="2023-01-17T15:52:06 IST" skipped="0">
  <testcase classname="dfm.MultiUser01" name="loginAction" time="9.986"/>
  <system-out/>
  <testcase classname="dfm.MultiUser01" name="navigateToDiagram" time="9.973"/>
  <system-out/>
  <testcase classname="dfm.MultiUser01" name="createDiagram" time="58.497"/>
  <system-out/>
</testsuite> <!-- dfm.MultiUser01 -->
