<?xml version="1.0" encoding="UTF-8"?>
<!-- Generated by org.testng.reporters.JUnitReportReporter -->
<testsuite hostname="DESKTOP-T4JK67Q" failures="0" tests="2" name="dfm.SearchFunctionality" time="29.813" errors="0" timestamp="2023-01-10T17:12:20 IST" skipped="0">
  <testcase classname="dfm.SearchFunctionality" name="loginToApplication" time="22.479"/>
  <system-out/>
  <testcase classname="dfm.SearchFunctionality" name="deleteAndValidateObjectProperties" time="7.334"/>
  <system-out/>
</testsuite> <!-- dfm.SearchFunctionality -->
