<?xml version="1.0" encoding="UTF-8"?>
<!-- Generated by org.testng.reporters.JUnitReportReporter -->
<testsuite hostname="DESKTOP-T4JK67Q" failures="0" tests="3" name="dfm.MultiUser01" time="22.542" errors="0" timestamp="2023-02-02T18:06:49 IST" skipped="0">
  <testcase classname="dfm.MultiUser01" name="loginAction1" time="11.516"/>
  <system-out/>
  <testcase classname="dfm.MultiUser01" name="navigateToDiagram1" time="5.183"/>
  <system-out/>
  <testcase classname="dfm.MultiUser01" name="createDiagram1" time="5.843"/>
  <system-out/>
</testsuite> <!-- dfm.MultiUser01 -->
