<?xml version="1.0" encoding="UTF-8"?>
<!-- Generated by org.testng.reporters.JUnitReportReporter -->
<testsuite hostname="DESKTOP-T4JK67Q" failures="0" tests="3" name="dfm.InputSearch" time="36.691" errors="0" timestamp="2023-01-18T14:42:59 IST" skipped="0">
  <testcase classname="dfm.InputSearch" name="loginToApplication" time="20.643"/>
  <system-out/>
  <testcase classname="dfm.InputSearch" name="printListOfElements" time="7.577"/>
  <system-out/>
  <testcase classname="dfm.InputSearch" name="printListOfInputElements" time="8.471"/>
  <system-out/>
</testsuite> <!-- dfm.InputSearch -->
