<?xml version="1.0" encoding="UTF-8"?>
<!-- Generated by org.testng.reporters.JUnitReportReporter -->
<testsuite hostname="DESKTOP-T4JK67Q" failures="0" tests="3" name="dfm.AddTagTest" time="39.711" errors="0" timestamp="2023-02-28T17:04:27 IST" skipped="0">
  <testcase classname="dfm.AddTagTest" name="loginToApplication" time="20.124"/>
  <system-out/>
  <testcase classname="dfm.AddTagTest" name="addTag" time="17.357"/>
  <system-out/>
  <testcase classname="dfm.AddTagTest" name="validateTag" time="2.230"/>
  <system-out/>
</testsuite> <!-- dfm.AddTagTest -->
