<?xml version="1.0" encoding="UTF-8"?>
<!-- Generated by org.testng.reporters.JUnitReportReporter -->
<testsuite hostname="DESKTOP-T4JK67Q" failures="0" tests="3" name="dfm.DeleteDiagram" time="35.660" errors="0" timestamp="2022-12-20T16:31:54 IST" skipped="0">
  <testcase classname="dfm.DeleteDiagram" name="loginToApplication" time="19.631"/>
  <system-out/>
  <testcase classname="dfm.DeleteDiagram" name="deleteDiagram" time="8.082"/>
  <system-out/>
  <testcase classname="dfm.DeleteDiagram" name="validateDiagram" time="7.947"/>
  <system-out/>
</testsuite> <!-- dfm.DeleteDiagram -->
