<?xml version="1.0" encoding="UTF-8"?>
<!-- Generated by org.testng.reporters.JUnitReportReporter -->
<testsuite hostname="DESKTOP-T4JK67Q" failures="0" tests="3" name="dfm.DecisionSearch" time="38.909" errors="0" timestamp="2023-01-19T18:05:04 IST" skipped="0">
  <testcase classname="dfm.DecisionSearch" name="loginToApplication" time="21.343"/>
  <system-out/>
  <testcase classname="dfm.DecisionSearch" name="printListOfElements" time="8.377"/>
  <system-out/>
  <testcase classname="dfm.DecisionSearch" name="printListOfDecisionElements" time="9.189"/>
  <system-out/>
</testsuite> <!-- dfm.DecisionSearch -->
