<?xml version="1.0" encoding="UTF-8"?>
<!-- Generated by org.testng.reporters.JUnitReportReporter -->
<testsuite hostname="DESKTOP-T4JK67Q" failures="0" tests="2" name="dfm.LoginAdmin_01" time="6.872" errors="0" timestamp="2022-12-20T18:55:45 IST" skipped="0">
  <testcase classname="dfm.LoginAdmin_01" name="LoginToAdminAccount" time="4.225"/>
  <system-out>
    <![CDATA[Test Case for Login]]>
  </system-out>
  <testcase classname="dfm.LoginAdmin_01" name="logOut" time="2.647"/>
  <system-out>
    <![CDATA[Test Case for Logout]]>
  </system-out>
</testsuite> <!-- dfm.LoginAdmin_01 -->
