<?xml version="1.0" encoding="UTF-8"?>
<!-- Generated by org.testng.reporters.JUnitReportReporter -->
<testsuite hostname="DESKTOP-T4JK67Q" failures="0" tests="3" name="dfm.DeleteBranch" time="49.145" errors="0" timestamp="2023-02-28T17:04:27 IST" skipped="0">
  <testcase classname="dfm.DeleteBranch" name="loginAction" time="23.322"/>
  <system-out/>
  <testcase classname="dfm.DeleteBranch" name="deleteBranch" time="23.618"/>
  <system-out/>
  <testcase classname="dfm.DeleteBranch" name="validateBranch" time="2.205"/>
  <system-out/>
</testsuite> <!-- dfm.DeleteBranch -->
