<?xml version="1.0" encoding="UTF-8"?>
<!-- Generated by org.testng.reporters.JUnitReportReporter -->
<testsuite hostname="DESKTOP-T4JK67Q" failures="0" tests="3" name="dfm.KnowledgeSourceSearch" time="36.168" errors="0" timestamp="2023-01-18T15:00:13 IST" skipped="0">
  <testcase classname="dfm.KnowledgeSourceSearch" name="loginToApplication" time="20.242"/>
  <system-out/>
  <testcase classname="dfm.KnowledgeSourceSearch" name="printListOfElements" time="7.498"/>
  <system-out/>
  <testcase classname="dfm.KnowledgeSourceSearch" name="printListOfInputElements" time="8.428"/>
  <system-out/>
</testsuite> <!-- dfm.KnowledgeSourceSearch -->
