<?xml version="1.0" encoding="UTF-8"?>
<!-- Generated by org.testng.reporters.JUnitReportReporter -->
<testsuite hostname="DESKTOP-T4JK67Q" failures="0" tests="3" name="dfm.MultiUser02" time="60.735" errors="0" timestamp="2023-01-17T15:52:06 IST" skipped="0">
  <testcase classname="dfm.MultiUser02" name="loginAction" time="15.022"/>
  <system-out/>
  <testcase classname="dfm.MultiUser02" name="navigateToDiagram" time="21.880"/>
  <system-out/>
  <testcase classname="dfm.MultiUser02" name="validateDiagram" time="23.833"/>
  <system-out/>
</testsuite> <!-- dfm.MultiUser02 -->
