<?xml version="1.0" encoding="UTF-8"?>
<!-- Generated by org.testng.reporters.JUnitReportReporter -->
<testsuite hostname="DESKTOP-T4JK67Q" failures="0" tests="2" name="dfm.DeleteCustomer" time="28.406" errors="0" timestamp="2023-02-28T17:04:27 IST" skipped="0">
  <testcase classname="dfm.DeleteCustomer" name="logInToApplication" time="12.233"/>
  <system-out/>
  <testcase classname="dfm.DeleteCustomer" name="deleteCustomer" time="16.173"/>
  <system-out>
    <![CDATA[Test Case to Delete Customer]]>
  </system-out>
</testsuite> <!-- dfm.DeleteCustomer -->
