<?xml version="1.0" encoding="UTF-8"?>
<!-- Generated by org.testng.reporters.JUnitReportReporter -->
<testsuite hostname="DESKTOP-T4JK67Q" failures="0" tests="3" name="dfm.MultiUser01" time="27.939" errors="0" timestamp="2023-02-06T10:57:28 IST" skipped="0">
  <testcase classname="dfm.MultiUser01" name="loginAction1" time="13.847"/>
  <system-out/>
  <testcase classname="dfm.MultiUser01" name="navigateToDiagram1" time="6.476"/>
  <system-out/>
  <testcase classname="dfm.MultiUser01" name="createDiagram1" time="7.616"/>
  <system-out/>
</testsuite> <!-- dfm.MultiUser01 -->
