<?xml version="1.0" encoding="UTF-8"?>
<!-- Generated by org.testng.reporters.JUnitReportReporter -->
<testsuite hostname="DESKTOP-T4JK67Q" failures="0" tests="2" name="dfm.MultiUserDeleteTag01" time="47.642" errors="0" timestamp="2023-01-27T18:16:38 IST" skipped="0">
  <testcase classname="dfm.MultiUserDeleteTag01" name="loginToApplication" time="31.796"/>
  <system-out>
    <![CDATA[Test Case for Add Tag]]>
  </system-out>
  <testcase classname="dfm.MultiUserDeleteTag01" name="addTag" time="15.846"/>
  <system-out/>
</testsuite> <!-- dfm.MultiUserDeleteTag01 -->
