<?xml version="1.0" encoding="UTF-8"?>
<!-- Generated by org.testng.reporters.JUnitReportReporter -->
<testsuite hostname="DESKTOP-T4JK67Q" failures="0" tests="3" name="dfm.InputDataTest" time="93.775" errors="0" timestamp="2023-01-09T18:05:53 IST" skipped="0">
  <testcase classname="dfm.InputDataTest" name="enterInputData" time="73.490"/>
  <system-out/>
  <testcase classname="dfm.InputDataTest" name="verifyInputData" time="13.831"/>
  <system-out/>
  <testcase classname="dfm.InputDataTest" name="validateInputData" time="6.454"/>
  <system-out/>
</testsuite> <!-- dfm.InputDataTest -->
