<?xml version="1.0" encoding="UTF-8"?>
<!-- Generated by org.testng.reporters.JUnitReportReporter -->
<testsuite hostname="DESKTOP-T4JK67Q" failures="0" tests="3" name="dfm.MultiUser02" time="33.929" errors="0" timestamp="2023-02-02T18:06:49 IST" skipped="0">
  <testcase classname="dfm.MultiUser02" name="loginAction2" time="16.265"/>
  <system-out/>
  <testcase classname="dfm.MultiUser02" name="navigateToDiagram2" time="11.907"/>
  <system-out/>
  <testcase classname="dfm.MultiUser02" name="createDiagram3" time="5.757"/>
  <system-out/>
</testsuite> <!-- dfm.MultiUser02 -->
