<?xml version="1.0" encoding="UTF-8"?>
<!-- Generated by org.testng.reporters.JUnitReportReporter -->
<testsuite hostname="DESKTOP-T4JK67Q" failures="0" tests="3" name="dfm.DeleteTag" time="37.032" errors="0" timestamp="2023-02-28T17:04:27 IST" skipped="0">
  <testcase classname="dfm.DeleteTag" name="loginToApplication" time="27.110"/>
  <system-out/>
  <testcase classname="dfm.DeleteTag" name="deleteTag" time="2.314"/>
  <system-out/>
  <testcase classname="dfm.DeleteTag" name="validateDeleteTag" time="7.608"/>
  <system-out/>
</testsuite> <!-- dfm.DeleteTag -->
