<?xml version="1.0" encoding="UTF-8"?>
<!-- Generated by org.testng.reporters.JUnitReportReporter -->
<testsuite hostname="DESKTOP-T4JK67Q" failures="0" tests="2" name="dfm.DeleteObjectProperties" time="45.586" errors="0" timestamp="2023-01-10T12:25:49 IST" skipped="0">
  <testcase classname="dfm.DeleteObjectProperties" name="loginToApplication" time="24.868"/>
  <system-out/>
  <testcase classname="dfm.DeleteObjectProperties" name="deleteAndValidateObjectProperties" time="20.718"/>
  <system-out/>
</testsuite> <!-- dfm.DeleteObjectProperties -->
