<?xml version="1.0" encoding="UTF-8"?>
<!-- Generated by org.testng.reporters.JUnitReportReporter -->
<testsuite hostname="DESKTOP-T4JK67Q" failures="0" tests="2" name="dfm.ValidateNewDiagramAndObjects" time="183.892" errors="0" timestamp="2023-02-16T17:07:49 IST" skipped="0">
  <testcase classname="dfm.ValidateNewDiagramAndObjects" name="loginToDfmApplication" time="11.355"/>
  <system-out>
    <![CDATA[Test Case for Add Diagram]]>
  </system-out>
  <testcase classname="dfm.ValidateNewDiagramAndObjects" name="addAndValidateProject" time="172.537"/>
  <system-out/>
</testsuite> <!-- dfm.ValidateNewDiagramAndObjects -->
