<?xml version="1.0" encoding="UTF-8"?>
<!-- Generated by org.testng.reporters.JUnitReportReporter -->
<testsuite hostname="DESKTOP-T4JK67Q" failures="0" tests="2" name="dfm.MultiuserWithProject01" time="38.376" errors="0" timestamp="2023-01-24T17:27:13 IST" skipped="0">
  <testcase classname="dfm.MultiuserWithProject01" name="loginAction" time="21.068"/>
  <system-out/>
  <testcase classname="dfm.MultiuserWithProject01" name="addProject" time="17.308"/>
  <system-out/>
</testsuite> <!-- dfm.MultiuserWithProject01 -->
