<?xml version="1.0" encoding="UTF-8"?>
<!-- Generated by org.testng.reporters.JUnitReportReporter -->
<testsuite hostname="DESKTOP-T4JK67Q" failures="0" tests="2" name="dfm.MultiUserAddTag01" time="34.899" errors="0" timestamp="2023-02-02T18:10:38 IST" skipped="0">
  <testcase classname="dfm.MultiUserAddTag01" name="loginToApplication" time="19.098"/>
  <system-out>
    <![CDATA[Test Case for Add Tag]]>
  </system-out>
  <testcase classname="dfm.MultiUserAddTag01" name="addTag" time="15.801"/>
  <system-out/>
</testsuite> <!-- dfm.MultiUserAddTag01 -->
