<?xml version="1.0" encoding="UTF-8"?>
<!-- Generated by org.testng.reporters.JUnitReportReporter -->
<testsuite hostname="DESKTOP-T4JK67Q" failures="0" tests="2" name="dfm.AddCustomer" time="62.455" errors="0" timestamp="2023-02-27T17:47:15 IST" skipped="0">
  <testcase classname="dfm.AddCustomer" name="AddCustomerModeler" time="48.411"/>
  <system-out/>
  <testcase classname="dfm.AddCustomer" name="validateCustomer" time="14.044"/>
  <system-out/>
</testsuite> <!-- dfm.AddCustomer -->
