<?xml version="1.0" encoding="UTF-8"?>
<!-- Generated by org.testng.reporters.JUnitReportReporter -->
<testsuite hostname="DESKTOP-T4JK67Q" failures="0" tests="2" name="dfm.MultiUserWithObjects01" time="29.814" errors="0" timestamp="2023-01-17T15:48:17 IST" skipped="0">
  <testcase classname="dfm.MultiUserWithObjects01" name="loginAction" time="9.652"/>
  <system-out/>
  <testcase classname="dfm.MultiUserWithObjects01" name="updateObjectsName" time="20.162"/>
  <system-out/>
</testsuite> <!-- dfm.MultiUserWithObjects01 -->
