<?xml version="1.0" encoding="UTF-8"?>
<!-- Generated by org.testng.reporters.JUnitReportReporter -->
<testsuite hostname="DESKTOP-T4JK67Q" failures="0" tests="3" name="dfm.DeleteUserModelerUI" time="53.570" errors="0" timestamp="2022-12-16T16:52:20 IST" skipped="0">
  <testcase classname="dfm.DeleteUserModelerUI" name="loginAction" time="33.530"/>
  <system-out>
    <![CDATA[Test Case for Delete User]]>
  </system-out>
  <testcase classname="dfm.DeleteUserModelerUI" name="navigateUserSection" time="5.861"/>
  <system-out/>
  <testcase classname="dfm.DeleteUserModelerUI" name="deleteUserAndValidate" time="14.179"/>
  <system-out/>
</testsuite> <!-- dfm.DeleteUserModelerUI -->
