<?xml version="1.0" encoding="UTF-8"?>
<!-- Generated by org.testng.reporters.JUnitReportReporter -->
<testsuite hostname="DESKTOP-T4JK67Q" failures="0" tests="2" name="dfm.DeleteCustomer" time="37.758" errors="0" timestamp="2022-12-16T16:52:20 IST" skipped="0">
  <testcase classname="dfm.DeleteCustomer" name="logInToApplication" time="11.982"/>
  <system-out>
    <![CDATA[Test Case for Login]]>
  </system-out>
  <testcase classname="dfm.DeleteCustomer" name="deleteCustomer" time="25.776"/>
  <system-out>
    <![CDATA[Test Case to Delete Customer]]>
  </system-out>
</testsuite> <!-- dfm.DeleteCustomer -->
