<?xml version="1.0" encoding="UTF-8"?>
<!-- Generated by org.testng.reporters.JUnitReportReporter -->
<testsuite hostname="DESKTOP-T4JK67Q" failures="0" tests="3" name="dfm.KnowledgeSourceDataTest" time="91.226" errors="0" timestamp="2023-01-09T18:13:38 IST" skipped="0">
  <testcase classname="dfm.KnowledgeSourceDataTest" name="enterKnowledgeSourceDataDetails" time="70.950"/>
  <system-out/>
  <testcase classname="dfm.KnowledgeSourceDataTest" name="verifyKnowledgeSourceDataDetails" time="13.779"/>
  <system-out/>
  <testcase classname="dfm.KnowledgeSourceDataTest" name="validateKnowledgeSourceDataDetails" time="6.497"/>
  <system-out/>
</testsuite> <!-- dfm.KnowledgeSourceDataTest -->
