<?xml version="1.0" encoding="UTF-8"?>
<!-- Generated by org.testng.reporters.JUnitReportReporter -->
<testsuite hostname="DESKTOP-T4JK67Q" failures="0" tests="3" name="dfm.KnowledgeSourceSearch" time="37.085" errors="0" timestamp="2023-01-19T18:58:03 IST" skipped="0">
  <testcase classname="dfm.KnowledgeSourceSearch" name="loginToApplication" time="20.636"/>
  <system-out/>
  <testcase classname="dfm.KnowledgeSourceSearch" name="printListOfElements" time="7.771"/>
  <system-out/>
  <testcase classname="dfm.KnowledgeSourceSearch" name="printListOfInputElements" time="8.678"/>
  <system-out/>
</testsuite> <!-- dfm.KnowledgeSourceSearch -->
