<?xml version="1.0" encoding="UTF-8"?>
<!-- Generated by org.testng.reporters.JUnitReportReporter -->
<testsuite hostname="DESKTOP-T4JK67Q" failures="0" tests="2" name="dfm.ObjectDragAndDropTest" time="32.555" errors="0" timestamp="2023-02-09T18:04:55 IST" skipped="0">
  <testcase classname="dfm.ObjectDragAndDropTest" name="loginAction" time="13.241"/>
  <system-out/>
  <testcase classname="dfm.ObjectDragAndDropTest" name="loginAction1" time="19.314"/>
  <system-out/>
</testsuite> <!-- dfm.ObjectDragAndDropTest -->
