<?xml version="1.0" encoding="UTF-8"?>
<!-- Generated by org.testng.reporters.JUnitReportReporter -->
<testsuite hostname="DESKTOP-T4JK67Q" failures="0" tests="2" name="dfm.AddDiagram" time="104.955" errors="0" timestamp="2023-02-17T18:13:09 IST" skipped="0">
  <testcase classname="dfm.AddDiagram" name="addProject" time="17.256"/>
  <system-out/>
  <testcase classname="dfm.AddDiagram" name="addDiagramAndValidate" time="87.699"/>
  <system-out/>
</testsuite> <!-- dfm.AddDiagram -->
