<?xml version="1.0" encoding="UTF-8"?>
<!-- Generated by org.testng.reporters.JUnitReportReporter -->
<testsuite hostname="DESKTOP-T4JK67Q" failures="0" tests="2" name="dfm.MultiUserWithObjects01" time="32.321" errors="0" timestamp="2023-01-18T18:26:28 IST" skipped="0">
  <testcase classname="dfm.MultiUserWithObjects01" name="loginAction" time="12.688"/>
  <system-out/>
  <testcase classname="dfm.MultiUserWithObjects01" name="updateObjectsName" time="19.633"/>
  <system-out/>
</testsuite> <!-- dfm.MultiUserWithObjects01 -->
