<?xml version="1.0" encoding="UTF-8"?>
<!-- Generated by org.testng.reporters.JUnitReportReporter -->
<testsuite hostname="DESKTOP-T4JK67Q" failures="0" tests="2" name="dfm.DeleteGroupsModelerUI" time="35.729" errors="0" timestamp="2022-12-22T19:14:01 IST" skipped="0">
  <testcase classname="dfm.DeleteGroupsModelerUI" name="addGroupsModelerUI01" time="19.941"/>
  <system-out/>
  <testcase classname="dfm.DeleteGroupsModelerUI" name="deleteGroupsModeler" time="15.788"/>
  <system-out/>
</testsuite> <!-- dfm.DeleteGroupsModelerUI -->
