<?xml version="1.0" encoding="UTF-8"?>
<!-- Generated by org.testng.reporters.JUnitReportReporter -->
<testsuite hostname="DESKTOP-T4JK67Q" failures="0" tests="1" name="dfm.ImplementationDataTest" time="70.545" errors="0" timestamp="2023-01-06T19:01:21 IST" skipped="0">
  <testcase classname="dfm.ImplementationDataTest" name="implementationData" time="70.545"/>
  <system-out/>
</testsuite> <!-- dfm.ImplementationDataTest -->
