<?xml version="1.0" encoding="UTF-8"?>
<!-- Generated by org.testng.reporters.JUnitReportReporter -->
<testsuite hostname="DESKTOP-T4JK67Q" failures="0" tests="3" name="dfm.CreateBanch" time="50.643" errors="0" timestamp="2023-02-14T19:09:21 IST" skipped="0">
  <testcase classname="dfm.CreateBanch" name="loginAction" time="20.545"/>
  <system-out/>
  <testcase classname="dfm.CreateBanch" name="createBranch" time="24.327"/>
  <system-out/>
  <testcase classname="dfm.CreateBanch" name="validateBranch" time="5.771"/>
  <system-out/>
</testsuite> <!-- dfm.CreateBanch -->
