<?xml version="1.0" encoding="UTF-8"?>
<!-- Generated by org.testng.reporters.JUnitReportReporter -->
<testsuite hostname="DESKTOP-T4JK67Q" failures="0" tests="3" name="dfm.MultiUserUpdateTag02" time="51.729" errors="0" timestamp="2023-01-31T19:27:01 IST" skipped="0">
  <testcase classname="dfm.MultiUserUpdateTag02" name="loginToApplication" time="12.935"/>
  <system-out>
    <![CDATA[Test Case for Add Tag]]>
  </system-out>
  <testcase classname="dfm.MultiUserUpdateTag02" name="addTag" time="14.473"/>
  <system-out/>
  <testcase classname="dfm.MultiUserUpdateTag02" name="validateTag" time="24.321"/>
  <system-out/>
</testsuite> <!-- dfm.MultiUserUpdateTag02 -->
