<?xml version="1.0" encoding="UTF-8"?>
<!-- Generated by org.testng.reporters.JUnitReportReporter -->
<testsuite hostname="DESKTOP-T4JK67Q" failures="0" tests="2" name="dfm.AddDiagram" time="107.429" errors="0" timestamp="2023-02-28T17:04:27 IST" skipped="0">
  <testcase classname="dfm.AddDiagram" name="addProject" time="18.216"/>
  <system-out/>
  <testcase classname="dfm.AddDiagram" name="addDiagramAndValidate" time="89.213"/>
  <system-out/>
</testsuite> <!-- dfm.AddDiagram -->
