<?xml version="1.0" encoding="UTF-8"?>
<!-- Generated by org.testng.reporters.JUnitReportReporter -->
<testsuite hostname="DESKTOP-T4JK67Q" failures="0" tests="3" name="dfm.InputSearch" time="39.393" errors="0" timestamp="2023-01-19T18:06:23 IST" skipped="0">
  <testcase classname="dfm.InputSearch" name="loginToApplication" time="21.974"/>
  <system-out/>
  <testcase classname="dfm.InputSearch" name="printListOfElements" time="8.314"/>
  <system-out/>
  <testcase classname="dfm.InputSearch" name="printListOfInputElements" time="9.105"/>
  <system-out/>
</testsuite> <!-- dfm.InputSearch -->
