<?xml version="1.0" encoding="UTF-8"?>
<!-- Generated by org.testng.reporters.JUnitReportReporter -->
<testsuite hostname="DESKTOP-T4JK67Q" failures="0" tests="3" name="dfm.MultiUser01" time="77.490" errors="0" timestamp="2023-01-18T18:30:09 IST" skipped="0">
  <testcase classname="dfm.MultiUser01" name="loginAction" time="13.071"/>
  <system-out/>
  <testcase classname="dfm.MultiUser01" name="navigateToDiagram" time="9.059"/>
  <system-out/>
  <testcase classname="dfm.MultiUser01" name="createDiagram" time="55.360"/>
  <system-out/>
</testsuite> <!-- dfm.MultiUser01 -->
